emgimuservice/build/intermediates/manifest_merge_blame_file/debug/manifest-merger-blame-debug-report.txt
1<?xml version="1.0" encoding="utf-8"?>
2<manifest xmlns:android="http://schemas.android.com/apk/res/android"
3    package="org.sralab.emgimu.service"
4    android:sharedUserId="org.sralab.emgimu" >
5
6    <uses-sdk
7        android:minSdkVersion="26"
7-->src\main\AndroidManifest.xml
8        android:targetSdkVersion="28" />
8-->src\main\AndroidManifest.xml
9
10    <uses-permission android:name="android.permission.ACCESS_NETWORK_STATE" />
10-->src\main\AndroidManifest.xml:6:5-79
10-->src\main\AndroidManifest.xml:6:22-76
11    <uses-permission android:name="android.permission.BLUETOOTH" />
11-->src\main\AndroidManifest.xml:7:5-68
11-->src\main\AndroidManifest.xml:7:22-65
12    <uses-permission android:name="android.permission.BLUETOOTH_ADMIN" />
12-->src\main\AndroidManifest.xml:8:5-74
12-->src\main\AndroidManifest.xml:8:22-71
13    <uses-permission android:name="android.permission.ACCESS_COARSE_LOCATION" />
13-->src\main\AndroidManifest.xml:9:5-81
13-->src\main\AndroidManifest.xml:9:22-78
14    <uses-permission android:name="android.permission.RECEIVE_BOOT_COMPLETED" />
14-->src\main\AndroidManifest.xml:10:5-81
14-->src\main\AndroidManifest.xml:10:22-78
15    <uses-permission android:name="android.permission.FOREGROUND_SERVICE" />
15-->src\main\AndroidManifest.xml:11:5-77
15-->src\main\AndroidManifest.xml:11:22-74
16
17    <!-- Required to request whitelisting for power optimization to allow log fetching to occur -->
18    <uses-permission android:name="android.permission.REQUEST_IGNORE_BATTERY_OPTIMIZATIONS" />
18-->src\main\AndroidManifest.xml:14:5-95
18-->src\main\AndroidManifest.xml:14:22-92
19
20    <!-- Required for analytics -->
21    <uses-permission android:name="android.permission.INTERNET" />
21-->src\main\AndroidManifest.xml:17:5-67
21-->src\main\AndroidManifest.xml:17:22-64
22    <uses-permission android:name="android.permission.WAKE_LOCK" />
22-->src\main\AndroidManifest.xml:18:5-68
22-->src\main\AndroidManifest.xml:18:22-65
23
24    <application>
24-->src\main\AndroidManifest.xml:20:5-59:19
25        <service
25-->src\main\AndroidManifest.xml:21:9-24:59
26            android:name="org.sralab.emgimu.service.EmgImuService"
26-->src\main\AndroidManifest.xml:22:13-42
27            android:exported="true"
27-->src\main\AndroidManifest.xml:23:13-36
28            android:label="@string/emgimu_feature_title" />
28-->src\main\AndroidManifest.xml:24:13-57
29        <!-- android:process=":remote" -->
30        <service
30-->src\main\AndroidManifest.xml:26:9-32:19
31            android:name="org.sralab.emgimu.logging.EmgLogFetchJobService"
31-->src\main\AndroidManifest.xml:27:13-75
32            android:exported="false" >
32-->src\main\AndroidManifest.xml:28:13-37
33            <intent-filter>
33-->src\main\AndroidManifest.xml:29:13-31:29
34                <action android:name="com.firebase.jobdispatcher.ACTION_EXECUTE" />
34-->src\main\AndroidManifest.xml:30:17-84
34-->src\main\AndroidManifest.xml:30:25-81
35            </intent-filter>
36        </service>
37        <service
37-->src\main\AndroidManifest.xml:34:9-40:19
38            android:name="org.sralab.emgimu.service.MyFirebaseMessagingService"
38-->src\main\AndroidManifest.xml:34:18-60
39            android:enabled="true"
39-->src\main\AndroidManifest.xml:35:13-35
40            android:exported="true" >
40-->src\main\AndroidManifest.xml:36:13-36
41            <intent-filter>
41-->src\main\AndroidManifest.xml:37:13-39:29
42                <action android:name="com.google.firebase.MESSAGING_EVENT" />
42-->src\main\AndroidManifest.xml:38:17-78
42-->src\main\AndroidManifest.xml:38:25-75
43            </intent-filter>
44        </service>
45
46        <!--
47            meta-data
48            android:name="com.google.firebase.messaging.default_notification_icon"
49            android:resource="@drawable/ic_stat_ic_notification" /
50        -->
51        <!--
52             Set color used with incoming notification messages. This is used when no color is set for the incoming
53             notification message. See README(https://goo.gl/6BKBk7) for more.
54        -->
55        <meta-data
55-->src\main\AndroidManifest.xml:52:9-54:71
56            android:name="com.google.firebase.messaging.default_notification_channel_id"
56-->src\main\AndroidManifest.xml:53:13-89
57            android:value="@string/default_notification_channel_id" />
57-->src\main\AndroidManifest.xml:54:13-68
58        <meta-data
58-->src\main\AndroidManifest.xml:55:9-57:53
59            android:name="com.google.firebase.messaging.default_notification_color"
59-->src\main\AndroidManifest.xml:56:13-84
60            android:resource="@color/sral_orange" />
60-->src\main\AndroidManifest.xml:57:13-50
61    </application>
62
63</manifest>